# JRE version: OpenJDK Runtime Environment Temurin-21.0.11+10 (21.0.11+10) (build 21.0.11+10-LTS)
# Java VM: OpenJDK 64-Bit Server VM Temurin-21.0.11+10 (21.0.11+10-LTS, mixed mode, sharing, tiered, compressed oops, compressed class ptrs, parallel gc, windows-amd64)
GC Precious Log:
 CardTable entry size: 512
 CPUs: 4 total, 4 available
 Memory: 4008M
 Large Page Support: Disabled
 NUMA Support: Disabled
 Compressed Oops: Enabled (32-bit)
 Alignments: Space 512K, Generation 512K, Heap 2M
 Heap Min Capacity: 100M
 Heap Initial Capacity: 100M
 Heap Max Capacity: 2G
 Pre-touch: Disabled
 Parallel Workers: 4
Heap:
 PSYoungGen      total 2560K, used 876K [0x00000000d5580000, 0x00000000d5980000, 0x0000000100000000)
  eden space 2048K, 27% used [0x00000000d5580000,0x00000000d560f370,0x00000000d5780000)
  from space 512K, 59% used [0x00000000d5800000,0x00000000d584c030,0x00000000d5880000)
  to   space 512K, 0% used [0x00000000d5900000,0x00000000d5900000,0x00000000d5980000)
 ParOldGen       total 905728K, used 258921K [0x0000000080000000, 0x00000000b7480000, 0x00000000d5580000)
  object space 905728K, 28% used [0x0000000080000000,0x000000008fcda670,0x00000000b7480000)
 Metaspace       used 84665K, committed 86400K, reserved 1179648K
  class space    used 8881K, committed 9664K, reserved 1048576K
GC Heap History (20 events):
Event: 490.250 GC heap before
{Heap before GC invocations=1896 (full 4):
 PSYoungGen      total 2560K, used 2532K [0x00000000d5580000, 0x00000000d5a80000, 0x0000000100000000)
  eden space 2048K, 99% used [0x00000000d5580000,0x00000000d577fff8,0x00000000d5780000)
  from space 512K, 94% used [0x00000000d5800000,0x00000000d5879220,0x00000000d5880000)
  to   space 1536K, 0% used [0x00000000d5900000,0x00000000d5900000,0x00000000d5a80000)
 ParOldGen       total 905728K, used 257074K [0x0000000080000000, 0x00000000b7480000, 0x00000000d5580000)
  object space 905728K, 28% used [0x0000000080000000,0x000000008fb0c908,0x00000000b7480000)
 Metaspace       used 84568K, committed 86272K, reserved 1179648K
  class space    used 8879K, committed 9664K, reserved 1048576K
}
Event: 490.255 GC heap after
{Heap after GC invocations=1896 (full 4):
 PSYoungGen      total 2560K, used 256K [0x00000000d5580000, 0x00000000d5980000, 0x0000000100000000)
  eden space 2048K, 0% used [0x00000000d5580000,0x00000000d5580000,0x00000000d5780000)
  from space 512K, 50% used [0x00000000d5900000,0x00000000d5940000,0x00000000d5980000)
  to   space 512K, 0% used [0x00000000d5800000,0x00000000d5800000,0x00000000d5880000)
 ParOldGen       total 905728K, used 257510K [0x0000000080000000, 0x00000000b7480000, 0x00000000d5580000)
  object space 905728K, 28% used [0x0000000080000000,0x000000008fb79b18,0x00000000b7480000)
 Metaspace       used 84568K, committed 86272K, reserved 1179648K
  class space    used 8879K, committed 9664K, reserved 1048576K
}
Event: 539.220 GC heap before
{Heap before GC invocations=1897 (full 4):
 PSYoungGen      total 2560K, used 2303K [0x00000000d5580000, 0x00000000d5980000, 0x0000000100000000)
  eden space 2048K, 99% used [0x00000000d5580000,0x00000000d577ffd8,0x00000000d5780000)
  from space 512K, 50% used [0x00000000d5900000,0x00000000d5940000,0x00000000d5980000)
  to   space 512K, 0% used [0x00000000d5800000,0x00000000d5800000,0x00000000d5880000)
 ParOldGen       total 905728K, used 257510K [0x0000000080000000, 0x00000000b7480000, 0x00000000d5580000)
  object space 905728K, 28% used [0x0000000080000000,0x000000008fb79b18,0x00000000b7480000)
 Metaspace       used 84601K, committed 86336K, reserved 1179648K
  class space    used 8879K, committed 9664K, reserved 1048576K
}
Event: 539.227 GC heap after
{Heap after GC invocations=1897 (full 4):
 PSYoungGen      total 2560K, used 128K [0x00000000d5580000, 0x00000000d5980000, 0x0000000100000000)
  eden space 2048K, 0% used [0x00000000d5580000,0x00000000d5580000,0x00000000d5780000)
  from space 512K, 25% used [0x00000000d5800000,0x00000000d5820000,0x00000000d5880000)
  to   space 512K, 0% used [0x00000000d5900000,0x00000000d5900000,0x00000000d5980000)
 ParOldGen       total 905728K, used 257670K [0x0000000080000000, 0x00000000b7480000, 0x00000000d5580000)
  object space 905728K, 28% used [0x0000000080000000,0x000000008fba1b18,0x00000000b7480000)
 Metaspace       used 84601K, committed 86336K, reserved 1179648K
  class space    used 8879K, committed 9664K, reserved 1048576K
}
Event: 548.348 GC heap before
{Heap before GC invocations=1898 (full 4):
 PSYoungGen      total 2560K, used 2176K [0x00000000d5580000, 0x00000000d5980000, 0x0000000100000000)
  eden space 2048K, 100% used [0x00000000d5580000,0x00000000d5780000,0x00000000d5780000)
  from space 512K, 25% used [0x00000000d5800000,0x00000000d5820000,0x00000000d5880000)
  to   space 512K, 0% used [0x00000000d5900000,0x00000000d5900000,0x00000000d5980000)
 ParOldGen       total 905728K, used 257670K [0x0000000080000000, 0x00000000b7480000, 0x00000000d5580000)
  object space 905728K, 28% used [0x0000000080000000,0x000000008fba1b18,0x00000000b7480000)
 Metaspace       used 84625K, committed 86336K, reserved 1179648K
  class space    used 8881K, committed 9664K, reserved 1048576K
}
Event: 548.358 GC heap after
{Heap after GC invocations=1898 (full 4):
 PSYoungGen      total 2560K, used 160K [0x00000000d5580000, 0x00000000d5980000, 0x0000000100000000)
  eden space 2048K, 0% used [0x00000000d5580000,0x00000000d5580000,0x00000000d5780000)
  from space 512K, 31% used [0x00000000d5900000,0x00000000d5928000,0x00000000d5980000)
  to   space 512K, 0% used [0x00000000d5800000,0x00000000d5800000,0x00000000d5880000)
 ParOldGen       total 905728K, used 257718K [0x0000000080000000, 0x00000000b7480000, 0x00000000d5580000)
  object space 905728K, 28% used [0x0000000080000000,0x000000008fbadb18,0x00000000b7480000)
 Metaspace       used 84625K, committed 86336K, reserved 1179648K
  class space    used 8881K, committed 9664K, reserved 1048576K
}
Event: 548.709 GC heap before
{Heap before GC invocations=1899 (full 4):
 PSYoungGen      total 2560K, used 2205K [0x00000000d5580000, 0x00000000d5980000, 0x0000000100000000)
  eden space 2048K, 99% used [0x00000000d5580000,0x00000000d577f518,0x00000000d5780000)
  from space 512K, 31% used [0x00000000d5900000,0x00000000d5928000,0x00000000d5980000)
  to   space 512K, 0% used [0x00000000d5800000,0x00000000d5800000,0x00000000d5880000)
 ParOldGen       total 905728K, used 257718K [0x0000000080000000, 0x00000000b7480000, 0x00000000d5580000)
  object space 905728K, 28% used [0x0000000080000000,0x000000008fbadb18,0x00000000b7480000)
 Metaspace       used 84643K, committed 86400K, reserved 1179648K
  class space    used 8881K, committed 9664K, reserved 1048576K
}
Event: 548.712 GC heap after
{Heap after GC invocations=1899 (full 4):
 PSYoungGen      total 2560K, used 256K [0x00000000d5580000, 0x00000000d5980000, 0x0000000100000000)
  eden space 2048K, 0% used [0x00000000d5580000,0x00000000d5580000,0x00000000d5780000)
  from space 512K, 50% used [0x00000000d5800000,0x00000000d5840020,0x00000000d5880000)
  to   space 512K, 0% used [0x00000000d5900000,0x00000000d5900000,0x00000000d5980000)
 ParOldGen       total 905728K, used 257798K [0x0000000080000000, 0x00000000b7480000, 0x00000000d5580000)
  object space 905728K, 28% used [0x0000000080000000,0x000000008fbc1b18,0x00000000b7480000)
 Metaspace       used 84643K, committed 86400K, reserved 1179648K
  class space    used 8881K, committed 9664K, reserved 1048576K
}
Event: 548.736 GC heap before
{Heap before GC invocations=1900 (full 4):
 PSYoungGen      total 2560K, used 2260K [0x00000000d5580000, 0x00000000d5980000, 0x0000000100000000)
  eden space 2048K, 97% used [0x00000000d5580000,0x00000000d5774fe0,0x00000000d5780000)
  from space 512K, 50% used [0x00000000d5800000,0x00000000d5840020,0x00000000d5880000)
  to   space 512K, 0% used [0x00000000d5900000,0x00000000d5900000,0x00000000d5980000)
 ParOldGen       total 905728K, used 257798K [0x0000000080000000, 0x00000000b7480000, 0x00000000d5580000)
  object space 905728K, 28% used [0x0000000080000000,0x000000008fbc1b18,0x00000000b7480000)
 Metaspace       used 84643K, committed 86400K, reserved 1179648K
  class space    used 8881K, committed 9664K, reserved 1048576K
}
Event: 548.746 GC heap after
{Heap after GC invocations=1900 (full 4):
 PSYoungGen      total 2560K, used 245K [0x00000000d5580000, 0x00000000d5980000, 0x0000000100000000)
  eden space 2048K, 0% used [0x00000000d5580000,0x00000000d5580000,0x00000000d5780000)
  from space 512K, 47% used [0x00000000d5900000,0x00000000d593d440,0x00000000d5980000)
  to   space 512K, 0% used [0x00000000d5800000,0x00000000d5800000,0x00000000d5880000)
 ParOldGen       total 905728K, used 258801K [0x0000000080000000, 0x00000000b7480000, 0x00000000d5580000)
  object space 905728K, 28% used [0x0000000080000000,0x000000008fcbc670,0x00000000b7480000)
 Metaspace       used 84643K, committed 86400K, reserved 1179648K
  class space    used 8881K, committed 9664K, reserved 1048576K
}
Event: 548.788 GC heap before
{Heap before GC invocations=1901 (full 4):
 PSYoungGen      total 2560K, used 2293K [0x00000000d5580000, 0x00000000d5980000, 0x0000000100000000)
  eden space 2048K, 100% used [0x00000000d5580000,0x00000000d5780000,0x00000000d5780000)
  from space 512K, 47% used [0x00000000d5900000,0x00000000d593d440,0x00000000d5980000)
  to   space 512K, 0% used [0x00000000d5800000,0x00000000d5800000,0x00000000d5880000)
 ParOldGen       total 905728K, used 258801K [0x0000000080000000, 0x00000000b7480000, 0x00000000d5580000)
  object space 905728K, 28% used [0x0000000080000000,0x000000008fcbc670,0x00000000b7480000)
 Metaspace       used 84643K, committed 86400K, reserved 1179648K
  class space    used 8881K, committed 9664K, reserved 1048576K
}
Event: 548.791 GC heap after
{Heap after GC invocations=1901 (full 4):
 PSYoungGen      total 2560K, used 223K [0x00000000d5580000, 0x00000000d5980000, 0x0000000100000000)
  eden space 2048K, 0% used [0x00000000d5580000,0x00000000d5580000,0x00000000d5780000)
  from space 512K, 43% used [0x00000000d5800000,0x00000000d5837f80,0x00000000d5880000)
  to   space 512K, 0% used [0x00000000d5900000,0x00000000d5900000,0x00000000d5980000)
 ParOldGen       total 905728K, used 258825K [0x0000000080000000, 0x00000000b7480000, 0x00000000d5580000)
  object space 905728K, 28% used [0x0000000080000000,0x000000008fcc2670,0x00000000b7480000)
 Metaspace       used 84643K, committed 86400K, reserved 1179648K
  class space    used 8881K, committed 9664K, reserved 1048576K
}
Event: 548.815 GC heap before
{Heap before GC invocations=1902 (full 4):
 PSYoungGen      total 2560K, used 2267K [0x00000000d5580000, 0x00000000d5980000, 0x0000000100000000)
  eden space 2048K, 99% used [0x00000000d5580000,0x00000000d577eca8,0x00000000d5780000)
  from space 512K, 43% used [0x00000000d5800000,0x00000000d5837f80,0x00000000d5880000)
  to   space 512K, 0% used [0x00000000d5900000,0x00000000d5900000,0x00000000d5980000)
 ParOldGen       total 905728K, used 258825K [0x0000000080000000, 0x00000000b7480000, 0x00000000d5580000)
  object space 905728K, 28% used [0x0000000080000000,0x000000008fcc2670,0x00000000b7480000)
 Metaspace       used 84643K, committed 86400K, reserved 1179648K
  class space    used 8881K, committed 9664K, reserved 1048576K
}
Event: 548.820 GC heap after
{Heap after GC invocations=1902 (full 4):
 PSYoungGen      total 2560K, used 96K [0x00000000d5580000, 0x00000000d5980000, 0x0000000100000000)
  eden space 2048K, 0% used [0x00000000d5580000,0x00000000d5580000,0x00000000d5780000)
  from space 512K, 18% used [0x00000000d5900000,0x00000000d5918000,0x00000000d5980000)
  to   space 512K, 0% used [0x00000000d5800000,0x00000000d5800000,0x00000000d5880000)
 ParOldGen       total 905728K, used 258849K [0x0000000080000000, 0x00000000b7480000, 0x00000000d5580000)
  object space 905728K, 28% used [0x0000000080000000,0x000000008fcc8670,0x00000000b7480000)
 Metaspace       used 84643K, committed 86400K, reserved 1179648K
  class space    used 8881K, committed 9664K, reserved 1048576K
}
Event: 548.863 GC heap before
{Heap before GC invocations=1903 (full 4):
 PSYoungGen      total 2560K, used 2144K [0x00000000d5580000, 0x00000000d5980000, 0x0000000100000000)
  eden space 2048K, 100% used [0x00000000d5580000,0x00000000d5780000,0x00000000d5780000)
  from space 512K, 18% used [0x00000000d5900000,0x00000000d5918000,0x00000000d5980000)
  to   space 512K, 0% used [0x00000000d5800000,0x00000000d5800000,0x00000000d5880000)
 ParOldGen       total 905728K, used 258849K [0x0000000080000000, 0x00000000b7480000, 0x00000000d5580000)
  object space 905728K, 28% used [0x0000000080000000,0x000000008fcc8670,0x00000000b7480000)
 Metaspace       used 84643K, committed 86400K, reserved 1179648K
  class space    used 8881K, committed 9664K, reserved 1048576K
}
Event: 548.869 GC heap after
{Heap after GC invocations=1903 (full 4):
 PSYoungGen      total 2560K, used 96K [0x00000000d5580000, 0x00000000d5980000, 0x0000000100000000)
  eden space 2048K, 0% used [0x00000000d5580000,0x00000000d5580000,0x00000000d5780000)
  from space 512K, 18% used [0x00000000d5800000,0x00000000d5818000,0x00000000d5880000)
  to   space 512K, 0% used [0x00000000d5900000,0x00000000d5900000,0x00000000d5980000)
 ParOldGen       total 905728K, used 258865K [0x0000000080000000, 0x00000000b7480000, 0x00000000d5580000)
  object space 905728K, 28% used [0x0000000080000000,0x000000008fccc670,0x00000000b7480000)
 Metaspace       used 84643K, committed 86400K, reserved 1179648K
  class space    used 8881K, committed 9664K, reserved 1048576K
}
Event: 549.819 GC heap before
{Heap before GC invocations=1904 (full 4):
 PSYoungGen      total 2560K, used 2144K [0x00000000d5580000, 0x00000000d5980000, 0x0000000100000000)
  eden space 2048K, 100% used [0x00000000d5580000,0x00000000d5780000,0x00000000d5780000)
  from space 512K, 18% used [0x00000000d5800000,0x00000000d5818000,0x00000000d5880000)
  to   space 512K, 0% used [0x00000000d5900000,0x00000000d5900000,0x00000000d5980000)
 ParOldGen       total 905728K, used 258865K [0x0000000080000000, 0x00000000b7480000, 0x00000000d5580000)
  object space 905728K, 28% used [0x0000000080000000,0x000000008fccc670,0x00000000b7480000)
 Metaspace       used 84643K, committed 86400K, reserved 1179648K
  class space    used 8881K, committed 9664K, reserved 1048576K
}
Event: 549.822 GC heap after
{Heap after GC invocations=1904 (full 4):
 PSYoungGen      total 2560K, used 128K [0x00000000d5580000, 0x00000000d5980000, 0x0000000100000000)
  eden space 2048K, 0% used [0x00000000d5580000,0x00000000d5580000,0x00000000d5780000)
  from space 512K, 25% used [0x00000000d5900000,0x00000000d5920000,0x00000000d5980000)
  to   space 512K, 0% used [0x00000000d5800000,0x00000000d5800000,0x00000000d5880000)
 ParOldGen       total 905728K, used 258897K [0x0000000080000000, 0x00000000b7480000, 0x00000000d5580000)
  object space 905728K, 28% used [0x0000000080000000,0x000000008fcd4670,0x00000000b7480000)
 Metaspace       used 84643K, committed 86400K, reserved 1179648K
  class space    used 8881K, committed 9664K, reserved 1048576K
}
Event: 788.668 GC heap before
{Heap before GC invocations=1905 (full 4):
 PSYoungGen      total 2560K, used 2175K [0x00000000d5580000, 0x00000000d5980000, 0x0000000100000000)
  eden space 2048K, 99% used [0x00000000d5580000,0x00000000d577ffe0,0x00000000d5780000)
  from space 512K, 25% used [0x00000000d5900000,0x00000000d5920000,0x00000000d5980000)
  to   space 512K, 0% used [0x00000000d5800000,0x00000000d5800000,0x00000000d5880000)
 ParOldGen       total 905728K, used 258897K [0x0000000080000000, 0x00000000b7480000, 0x00000000d5580000)
  object space 905728K, 28% used [0x0000000080000000,0x000000008fcd4670,0x00000000b7480000)
 Metaspace       used 84658K, committed 86400K, reserved 1179648K
  class space    used 8881K, committed 9664K, reserved 1048576K
}
Event: 788.864 GC heap after
{Heap after GC invocations=1905 (full 4):
 PSYoungGen      total 2560K, used 304K [0x00000000d5580000, 0x00000000d5980000, 0x0000000100000000)
  eden space 2048K, 0% used [0x00000000d5580000,0x00000000d5580000,0x00000000d5780000)
  from space 512K, 59% used [0x00000000d5800000,0x00000000d584c030,0x00000000d5880000)
  to   space 512K, 0% used [0x00000000d5900000,0x00000000d5900000,0x00000000d5980000)
 ParOldGen       total 905728K, used 258921K [0x0000000080000000, 0x00000000b7480000, 0x00000000d5580000)
  object space 905728K, 28% used [0x0000000080000000,0x000000008fcda670,0x00000000b7480000)
 Metaspace       used 84658K, committed 86400K, reserved 1179648K
  class space    used 8881K, committed 9664K, reserved 1048576K
}

